<?xml version="1.0" encoding="UTF-8"?>
<testng-results ignored="0" total="1" passed="1" failed="0" skipped="0">
  <reporter-output>
  </reporter-output>
  <suite started-at="2024-09-04T13:03:45 IST" name="Default suite" finished-at="2024-09-04T13:04:15 IST" duration-ms="29910">
    <groups>
    </groups>
    <test started-at="2024-09-04T13:03:45 IST" name="Default test" finished-at="2024-09-04T13:04:15 IST" duration-ms="29910">
      <class name="com.ShopperStack_testScripts.TC_002_Verify_user_is_able_to_delete_address_or_not">
        <test-method is-config="true" signature="beforeSuite()[pri:0, instance:com.ShopperStack_testScripts.TC_002_Verify_user_is_able_to_delete_address_or_not@34e9fd99]" started-at="2024-09-04T13:03:45 IST" name="beforeSuite" finished-at="2024-09-04T13:03:45 IST" duration-ms="6" status="PASS">
          <reporter-output>
          </reporter-output>
        </test-method> <!-- beforeSuite -->
        <test-method is-config="true" signature="beforeTest()[pri:0, instance:com.ShopperStack_testScripts.TC_002_Verify_user_is_able_to_delete_address_or_not@34e9fd99]" started-at="2024-09-04T13:03:45 IST" name="beforeTest" finished-at="2024-09-04T13:03:45 IST" duration-ms="126" status="PASS">
          <reporter-output>
          </reporter-output>
        </test-method> <!-- beforeTest -->
        <test-method is-config="true" signature="beforeClass()[pri:0, instance:com.ShopperStack_testScripts.TC_002_Verify_user_is_able_to_delete_address_or_not@34e9fd99]" started-at="2024-09-04T13:03:45 IST" name="beforeClass" finished-at="2024-09-04T13:03:49 IST" duration-ms="3465" status="PASS">
          <reporter-output>
          </reporter-output>
        </test-method> <!-- beforeClass -->
        <test-method is-config="true" signature="beforeMethod()[pri:0, instance:com.ShopperStack_testScripts.TC_002_Verify_user_is_able_to_delete_address_or_not@34e9fd99]" started-at="2024-09-04T13:03:49 IST" name="beforeMethod" finished-at="2024-09-04T13:03:57 IST" duration-ms="7770" status="PASS">
          <reporter-output>
          </reporter-output>
        </test-method> <!-- beforeMethod -->
        <test-method signature="deleteAddress()[pri:0, instance:com.ShopperStack_testScripts.TC_002_Verify_user_is_able_to_delete_address_or_not@34e9fd99]" started-at="2024-09-04T13:03:57 IST" name="deleteAddress" finished-at="2024-09-04T13:04:07 IST" duration-ms="9967" status="PASS">
          <reporter-output>
          </reporter-output>
        </test-method> <!-- deleteAddress -->
        <test-method is-config="true" signature="afterMethod()[pri:0, instance:com.ShopperStack_testScripts.TC_002_Verify_user_is_able_to_delete_address_or_not@34e9fd99]" started-at="2024-09-04T13:04:07 IST" name="afterMethod" finished-at="2024-09-04T13:04:12 IST" duration-ms="5195" status="PASS">
          <reporter-output>
          </reporter-output>
        </test-method> <!-- afterMethod -->
        <test-method is-config="true" signature="afterClass()[pri:0, instance:com.ShopperStack_testScripts.TC_002_Verify_user_is_able_to_delete_address_or_not@34e9fd99]" started-at="2024-09-04T13:04:12 IST" name="afterClass" finished-at="2024-09-04T13:04:15 IST" duration-ms="3161" status="PASS">
          <reporter-output>
          </reporter-output>
        </test-method> <!-- afterClass -->
        <test-method is-config="true" signature="afterTest()[pri:0, instance:com.ShopperStack_testScripts.TC_002_Verify_user_is_able_to_delete_address_or_not@34e9fd99]" started-at="2024-09-04T13:04:15 IST" name="afterTest" finished-at="2024-09-04T13:04:15 IST" duration-ms="204" status="PASS">
          <reporter-output>
          </reporter-output>
        </test-method> <!-- afterTest -->
        <test-method is-config="true" signature="afterSuite()[pri:0, instance:com.ShopperStack_testScripts.TC_002_Verify_user_is_able_to_delete_address_or_not@34e9fd99]" started-at="2024-09-04T13:04:15 IST" name="afterSuite" finished-at="2024-09-04T13:04:15 IST" duration-ms="1" status="PASS">
          <reporter-output>
          </reporter-output>
        </test-method> <!-- afterSuite -->
      </class> <!-- com.ShopperStack_testScripts.TC_002_Verify_user_is_able_to_delete_address_or_not -->
    </test> <!-- Default test -->
  </suite> <!-- Default suite -->
</testng-results>
